<?xml version="1.0" encoding="UTF-8"?>
<testng-results ignored="0" total="1" passed="1" failed="0" skipped="0">
  <reporter-output>
  </reporter-output>
  <suite started-at="2022-03-24T23:49:13 IST" name="Suite" finished-at="2022-03-24T23:49:45 IST" duration-ms="32208">
    <groups>
      <group name="cucumber">
        <method signature="AbstractTestNGCucumberTests.runScenario(io.cucumber.testng.PickleWrapper,io.cucumber.testng.FeatureWrapper)[pri:0, instance:runner.Runner@6392827e]" name="runScenario" class="io.cucumber.testng.AbstractTestNGCucumberTests"/>
      </group> <!-- cucumber -->
    </groups>
    <test started-at="2022-03-24T23:49:13 IST" name="TestFour" finished-at="2022-03-24T23:49:45 IST" duration-ms="32208">
      <class name="runner.Runner">
        <test-method is-config="true" signature="setUpClass()[pri:0, instance:runner.Runner@6392827e]" started-at="2022-03-24T23:49:13 IST" name="setUpClass" finished-at="2022-03-24T23:49:14 IST" duration-ms="871" status="PASS">
          <reporter-output>
          </reporter-output>
        </test-method> <!-- setUpClass -->
        <test-method signature="runScenario(io.cucumber.testng.PickleWrapper,io.cucumber.testng.FeatureWrapper)[pri:0, instance:runner.Runner@6392827e]" started-at="2022-03-24T23:49:14 IST" name="runScenario" description="Runs Cucumber Scenarios" data-provider="scenarios" finished-at="2022-03-24T23:49:45 IST" duration-ms="31142" status="PASS">
          <params>
            <param index="0">
              <value>
                <![CDATA["Login with valid credentials"]]>
              </value>
            </param>
            <param index="1">
              <value>
                <![CDATA["Optional[Application Login]"]]>
              </value>
            </param>
          </params>
          <reporter-output>
          </reporter-output>
        </test-method> <!-- runScenario -->
        <test-method is-config="true" signature="tearDownClass()[pri:0, instance:runner.Runner@6392827e]" started-at="2022-03-24T23:49:45 IST" name="tearDownClass" finished-at="2022-03-24T23:49:45 IST" duration-ms="133" status="PASS">
          <reporter-output>
          </reporter-output>
        </test-method> <!-- tearDownClass -->
      </class> <!-- runner.Runner -->
    </test> <!-- TestFour -->
  </suite> <!-- Suite -->
</testng-results>
